<?xml version="1.0" encoding="UTF-8"?>
<!-- Generated by org.testng.reporters.JUnitReportReporter -->
<testsuite hostname="DESKTOP-5TETB4V" failures="0" tests="1" name="testNG_Youtube.Hamburger" time="3.276" errors="0" timestamp="2023-12-06T12:50:54 IST" skipped="0">
  <testcase classname="testNG_Youtube.Hamburger" name="testPlaywright" time="3.276"/>
</testsuite> <!-- testNG_Youtube.Hamburger -->
