<?xml version="1.0" encoding="UTF-8"?>
<!-- Generated by org.testng.reporters.JUnitReportReporter -->
<testsuite hostname="DESKTOP-5TETB4V" failures="0" tests="1" name="testNG_Youtube.SettingsOption" time="3.392" errors="0" timestamp="2023-12-06T13:05:22 IST" skipped="0">
  <testcase classname="testNG_Youtube.SettingsOption" name="test" time="3.392"/>
</testsuite> <!-- testNG_Youtube.SettingsOption -->
