<?xml version="1.0" encoding="UTF-8"?>
<!-- Generated by org.testng.reporters.JUnitReportReporter -->
<testsuite hostname="DESKTOP-5TETB4V" failures="0" tests="1" name="testNG_Youtube.Shorts" time="3.529" errors="0" timestamp="2023-12-05T14:32:12 IST" skipped="0">
  <testcase classname="testNG_Youtube.Shorts" name="test" time="3.529"/>
</testsuite> <!-- testNG_Youtube.Shorts -->
