<?xml version="1.0" encoding="UTF-8"?>
<!-- Generated by org.testng.reporters.JUnitReportReporter -->
<testsuite hostname="DESKTOP-5TETB4V" failures="1" tests="1" name="testNG_Youtube.YouIcon" time="7.115" errors="0" timestamp="2023-12-06T09:57:13 IST" skipped="0">
  <testcase classname="testNG_Youtube.YouIcon" name="test" time="7.115">
    <failure message="Page URL expected to be: https://www.youtube.com/feed/
Received: https://www.youtube.com/feed/you

Call log:
Locator.expect with timeout 5000ms
waiting for locator(&quot;:root&quot;)
  locator resolved to &lt;html lang=&quot;en&quot; typography=&quot;&quot; system-icons=&quot;&quot; darker-d…&gt;…&lt;/html&gt;
  unexpected value &quot;https://www.youtube.com/feed/you&quot;
  locator resolved to &lt;html lang=&quot;en&quot; typography=&quot;&quot; system-icons=&quot;&quot; darker-d…&gt;…&lt;/html&gt;
  unexpected value &quot;https://www.youtube.com/feed/you&quot;
  locator resolved to &lt;html lang=&quot;en&quot; typography=&quot;&quot; system-icons=&quot;&quot; darker-d…&gt;…&lt;/html&gt;
  unexpected value &quot;https://www.youtube.com/feed/you&quot;
  locator resolved to &lt;html lang=&quot;en&quot; typography=&quot;&quot; system-icons=&quot;&quot; darker-d…&gt;…&lt;/html&gt;
  unexpected value &quot;https://www.youtube.com/feed/you&quot;
  locator resolved to &lt;html lang=&quot;en&quot; typography=&quot;&quot; system-icons=&quot;&quot; darker-d…&gt;…&lt;/html&gt;
  unexpected value &quot;https://www.youtube.com/feed/you&quot;
  locator resolved to &lt;html lang=&quot;en&quot; typography=&quot;&quot; system-icons=&quot;&quot; darker-d…&gt;…&lt;/html&gt;
  unexpected value &quot;https://www.youtube.com/feed/you&quot;
  locator resolved to &lt;html lang=&quot;en&quot; typography=&quot;&quot; system-icons=&quot;&quot; darker-d…&gt;…&lt;/html&gt;
  unexpected value &quot;https://www.youtube.com/feed/you&quot;
  locator resolved to &lt;html lang=&quot;en&quot; typography=&quot;&quot; system-icons=&quot;&quot; darker-d…&gt;…&lt;/html&gt;
  unexpected value &quot;https://www.youtube.com/feed/you&quot;" type="org.opentest4j.AssertionFailedError">
      <![CDATA[org.opentest4j.AssertionFailedError: Page URL expected to be: https://www.youtube.com/feed/
Received: https://www.youtube.com/feed/you

Call log:
Locator.expect with timeout 5000ms
waiting for locator(":root")
  locator resolved to <html lang="en" typography="" system-icons="" darker-d…>…</html>
  unexpected value "https://www.youtube.com/feed/you"
  locator resolved to <html lang="en" typography="" system-icons="" darker-d…>…</html>
  unexpected value "https://www.youtube.com/feed/you"
  locator resolved to <html lang="en" typography="" system-icons="" darker-d…>…</html>
  unexpected value "https://www.youtube.com/feed/you"
  locator resolved to <html lang="en" typography="" system-icons="" darker-d…>…</html>
  unexpected value "https://www.youtube.com/feed/you"
  locator resolved to <html lang="en" typography="" system-icons="" darker-d…>…</html>
  unexpected value "https://www.youtube.com/feed/you"
  locator resolved to <html lang="en" typography="" system-icons="" darker-d…>…</html>
  unexpected value "https://www.youtube.com/feed/you"
  locator resolved to <html lang="en" typography="" system-icons="" darker-d…>…</html>
  unexpected value "https://www.youtube.com/feed/you"
  locator resolved to <html lang="en" typography="" system-icons="" darker-d…>…</html>
  unexpected value "https://www.youtube.com/feed/you"
at com.microsoft.playwright.impl.AssertionsBase.expectImpl(AssertionsBase.java:73)
at com.microsoft.playwright.impl.AssertionsBase.expectImpl(AssertionsBase.java:50)
at com.microsoft.playwright.impl.AssertionsBase.expectImpl(AssertionsBase.java:41)
at com.microsoft.playwright.impl.PageAssertionsImpl.hasURL(PageAssertionsImpl.java:60)
at com.microsoft.playwright.assertions.PageAssertions.hasURL(PageAssertions.java:142)
at testNG_Youtube.YouIcon.test(YouIcon.java:32)
at java.base/jdk.internal.reflect.NativeMethodAccessorImpl.invoke0(Native Method)
at java.base/jdk.internal.reflect.NativeMethodAccessorImpl.invoke(NativeMethodAccessorImpl.java:77)
at java.base/jdk.internal.reflect.DelegatingMethodAccessorImpl.invoke(DelegatingMethodAccessorImpl.java:43)
at java.base/java.lang.reflect.Method.invoke(Method.java:568)
at org.testng.internal.invokers.MethodInvocationHelper.invokeMethod(MethodInvocationHelper.java:139)
at org.testng.internal.invokers.TestInvoker.invokeMethod(TestInvoker.java:664)
at org.testng.internal.invokers.TestInvoker.invokeTestMethod(TestInvoker.java:227)
at org.testng.internal.invokers.MethodRunner.runInSequence(MethodRunner.java:50)
at org.testng.internal.invokers.TestInvoker$MethodInvocationAgent.invoke(TestInvoker.java:957)
at org.testng.internal.invokers.TestInvoker.invokeTestMethods(TestInvoker.java:200)
at org.testng.internal.invokers.TestMethodWorker.invokeTestMethods(TestMethodWorker.java:148)
at org.testng.internal.invokers.TestMethodWorker.run(TestMethodWorker.java:128)
at java.base/java.util.ArrayList.forEach(ArrayList.java:1511)
at org.testng.TestRunner.privateRun(TestRunner.java:848)
at org.testng.TestRunner.run(TestRunner.java:621)
at org.testng.SuiteRunner.runTest(SuiteRunner.java:443)
at org.testng.SuiteRunner.runSequentially(SuiteRunner.java:437)
at org.testng.SuiteRunner.privateRun(SuiteRunner.java:397)
at org.testng.SuiteRunner.run(SuiteRunner.java:336)
at org.testng.SuiteRunnerWorker.runSuite(SuiteRunnerWorker.java:52)
at org.testng.SuiteRunnerWorker.run(SuiteRunnerWorker.java:95)
at org.testng.TestNG.runSuitesSequentially(TestNG.java:1280)
at org.testng.TestNG.runSuitesLocally(TestNG.java:1200)
at org.testng.TestNG.runSuites(TestNG.java:1114)
at org.testng.TestNG.run(TestNG.java:1082)
at org.testng.remote.AbstractRemoteTestNG.run(AbstractRemoteTestNG.java:115)
at org.testng.remote.RemoteTestNG.initAndRun(RemoteTestNG.java:251)
at org.testng.remote.RemoteTestNG.main(RemoteTestNG.java:77)
]]>
    </failure>
  </testcase> <!-- test -->
</testsuite> <!-- testNG_Youtube.YouIcon -->
