<?xml version="1.0" encoding="UTF-8"?>
<!-- Generated by org.testng.reporters.JUnitReportReporter -->
<testsuite hostname="DESKTOP-5TETB4V" failures="0" tests="1" name="testNG_Youtube.HomeButton" time="0.999" errors="0" timestamp="2023-12-06T10:14:57 IST" skipped="0">
  <testcase classname="testNG_Youtube.HomeButton" name="test" time="0.999"/>
</testsuite> <!-- testNG_Youtube.HomeButton -->
